TN:
SF:contracts/assembly/src/contract.rs
FN:49,instantiate
FN:119,execute
FN:157,receive_cw20
FN:210,submit_proposal
FN:233,{closure#0}
FN:293,cast_vote
FN:358,end_proposal
FN:434,execute_proposal
FN:482,{closure#0}
FN:483,{closure#1}
FN:503,check_messages
FN:507,{closure#0}
FN:508,{closure#1}
FN:532,remove_completed_proposal
FN:571,update_config
FN:630,{closure#0}
FN:638,{closure#1}
FN:663,update_ibc_proposal_status
FN:710,query
FN:736,query_config
FN:749,query_proposals
FN:762,{closure#0}
FN:780,query_proposal
FN:791,query_proposal_votes
FN:809,calc_voting_power
FN:872,calc_total_voting_power_at
FN:917,check_controller_supports_channel
FN:927,{closure#0}
FN:928,{closure#1}
FN:929,{closure#2}
FN:941,migrate
FNF:31
FNDA:1,instantiate
FNDA:2,execute
FNDA:1,receive_cw20
FNDA:1,submit_proposal
FNDA:7,{closure#0}
FNDA:2,cast_vote
FNDA:1,end_proposal
FNDA:1,execute_proposal
FNDA:2,{closure#0}
FNDA:3,{closure#1}
FNDA:1,check_messages
FNDA:2,{closure#0}
FNDA:3,{closure#1}
FNDA:1,remove_completed_proposal
FNDA:1,update_config
FNDA:3,{closure#0}
FNDA:3,{closure#1}
FNDA:0,update_ibc_proposal_status
FNDA:1,query
FNDA:1,query_config
FNDA:1,query_proposals
FNDA:0,{closure#0}
FNDA:1,query_proposal
FNDA:1,query_proposal_votes
FNDA:2,calc_voting_power
FNDA:1,calc_total_voting_power_at
FNDA:0,check_controller_supports_channel
FNDA:0,{closure#0}
FNDA:0,{closure#1}
FNDA:0,{closure#2}
FNDA:0,migrate
DA:49,1
DA:55,2
DA:57,2
DA:58,0
DA:61,2
DA:64,7
DA:67,7
DA:68,6
DA:69,1
DA:70,6
DA:71,1
DA:72,7
DA:73,7
DA:74,6
DA:77,7
DA:78,7
DA:81,1
DA:82,0
DA:85,8
DA:87,6
DA:89,6
DA:91,6
DA:119,2
DA:125,1
DA:126,3
DA:127,2
DA:128,3
DA:129,1
DA:130,2
DA:132,2
DA:133,1
DA:134,1
DA:135,2
DA:137,2
DA:138,0
DA:157,1
DA:163,3
DA:164,2
DA:171,3
DA:173,1
DA:174,2
DA:175,1
DA:176,2
DA:177,1
DA:178,2
DA:179,1
DA:180,3
DA:181,1
DA:182,3
DA:210,1
DA:222,4
DA:224,4
DA:225,0
DA:228,4
DA:229,1
DA:233,7
DA:234,2
DA:238,1
DA:239,0
DA:240,0
DA:242,0
DA:248,3
DA:250,1
DA:251,3
DA:252,1
DA:253,3
DA:254,1
DA:255,3
DA:256,1
DA:265,5
DA:267,3
DA:269,9
DA:270,2
DA:271,2
DA:272,4
DA:275,3
DA:293,2
DA:300,3
DA:302,3
DA:303,0
DA:306,3
DA:307,0
DA:310,1
DA:311,1
DA:314,3
DA:316,0
DA:319,3
DA:321,3
DA:322,1
DA:325,1
DA:327,3
DA:328,3
DA:331,1
DA:332,2
DA:336,3
DA:338,12
DA:339,2
DA:340,2
DA:341,1
DA:342,3
DA:343,2
DA:358,1
DA:364,3
DA:366,4
DA:367,1
DA:370,2
DA:371,0
DA:374,4
DA:376,2
DA:377,2
DA:378,4
DA:380,2
DA:382,4
DA:383,2
DA:385,2
DA:386,2
DA:389,4
DA:390,2
DA:394,6
DA:395,2
DA:397,1
DA:399,1
DA:402,1
DA:404,5
DA:405,3
DA:406,1
DA:407,3
DA:408,3
DA:410,1
DA:411,1
DA:412,3
DA:413,2
DA:414,1
DA:416,2
DA:419,1
DA:434,1
DA:440,2
DA:442,2
DA:443,1
DA:446,2
DA:448,2
DA:449,1
DA:452,2
DA:453,2
DA:455,0
DA:459,2
DA:460,0
DA:461,0
DA:463,0
DA:464,0
DA:465,0
DA:467,0
DA:468,0
DA:469,0
DA:470,0
DA:471,0
DA:473,0
DA:476,1
DA:478,2
DA:480,3
DA:481,1
DA:482,2
DA:483,3
DA:485,0
DA:489,5
DA:490,1
DA:491,2
DA:492,1
DA:503,1
DA:507,2
DA:508,3
DA:509,1
DA:510,1
DA:511,2
DA:512,1
DA:515,2
DA:517,1
DA:532,1
DA:538,2
DA:540,2
DA:542,3
DA:543,2
DA:545,1
DA:548,2
DA:549,1
DA:552,1
DA:554,3
DA:555,1
DA:556,2
DA:571,1
DA:577,2
DA:580,2
DA:581,0
DA:584,1
DA:585,0
DA:588,1
DA:589,0
DA:592,1
DA:593,0
DA:596,1
DA:597,0
DA:600,2
DA:601,1
DA:604,1
DA:605,0
DA:608,1
DA:609,0
DA:612,1
DA:613,0
DA:616,1
DA:617,0
DA:620,1
DA:621,0
DA:624,3
DA:625,2
DA:627,2
DA:628,2
DA:630,3
DA:635,2
DA:636,2
DA:638,3
DA:640,1
DA:641,0
DA:645,2
DA:647,2
DA:649,2
DA:663,0
DA:669,0
DA:670,0
DA:671,0
DA:672,0
DA:677,0
DA:678,0
DA:679,0
DA:681,0
DA:684,0
DA:710,1
DA:711,1
DA:712,2
DA:713,2
DA:714,2
DA:715,1
DA:716,2
DA:718,1
DA:719,2
DA:721,2
DA:723,1
DA:725,1
DA:726,2
DA:727,2
DA:736,1
DA:737,1
DA:738,1
DA:749,1
DA:754,1
DA:756,2
DA:757,1
DA:759,1
DA:760,1
DA:762,0
DA:763,0
DA:764,0
DA:768,1
DA:770,1
DA:780,1
DA:781,1
DA:782,1
DA:791,1
DA:792,1
DA:794,1
DA:796,1
DA:797,1
DA:809,2
DA:810,3
DA:816,4
DA:817,2
DA:818,2
DA:819,1
DA:820,2
DA:824,1
DA:826,5
DA:827,1
DA:828,1
DA:829,2
DA:833,3
DA:834,4
DA:835,1
DA:836,1
DA:839,4
DA:840,4
DA:842,2
DA:843,2
DA:844,1
DA:848,2
DA:849,1
DA:852,4
DA:853,1
DA:854,2
DA:855,2
DA:856,1
DA:860,2
DA:863,2
DA:872,1
DA:873,1
DA:877,4
DA:878,1
DA:879,1
DA:880,1
DA:885,4
DA:887,1
DA:889,4
DA:890,1
DA:893,3
DA:895,5
DA:897,2
DA:898,1
DA:901,2
DA:902,1
DA:906,2
DA:917,0
DA:922,0
DA:923,0
DA:925,0
DA:927,0
DA:928,0
DA:929,0
DA:941,0
DA:942,0
DA:944,0
DA:945,0
DA:946,0
DA:947,0
DA:949,0
DA:951,0
DA:952,0
DA:954,0
DA:957,0
DA:959,0
DA:961,0
LF:339
LH:271
end_of_record
TN:
SF:contracts/assembly/src/error.rs
FN:67,from
FNF:1
FNDA:0,from
DA:67,0
DA:68,0
LF:2
LH:0
end_of_record
TN:
SF:contracts/assembly/src/migration.rs
FN:16,migrate_config
FN:85,migrate_proposals
FN:114,{closure#0}
FN:116,{closure#0}
FNF:4
FNDA:0,migrate_config
FNDA:0,migrate_proposals
FNDA:0,{closure#0}
FNDA:0,{closure#0}
DA:16,0
DA:31,0
DA:33,0
DA:35,0
DA:36,0
DA:37,0
DA:38,0
DA:39,0
DA:40,0
DA:41,0
DA:42,0
DA:43,0
DA:46,0
DA:47,0
DA:50,0
DA:52,0
DA:85,0
DA:86,0
DA:87,0
DA:90,0
DA:91,0
DA:94,0
DA:95,0
DA:96,0
DA:97,0
DA:98,0
DA:99,0
DA:100,0
DA:101,0
DA:102,0
DA:104,0
DA:105,0
DA:106,0
DA:107,0
DA:108,0
DA:109,0
DA:110,0
DA:111,0
DA:112,0
DA:113,0
DA:114,0
DA:115,0
DA:116,0
DA:117,0
DA:118,0
DA:122,0
DA:123,0
DA:127,0
LF:48
LH:0
end_of_record
TN:
SF:contracts/assembly/tests/integration.rs
FN:1355,mock_app
FN:1367,{closure#0}
FN:1370,instantiate_contracts
FN:1400,instantiate_astro_token
FN:1433,instantiate_xastro_token
FN:1481,instantiate_vxastro_token
FN:1511,instantiate_builder_unlock_contract
FN:1538,instantiate_assembly_contract
FN:1579,mint_tokens
FN:1589,mint_vxastro
FN:1614,create_allocations
FN:1622,{closure#0}
FN:1646,create_proposal
FN:1674,check_token_balance
FN:1682,check_user_vp
FN:1697,check_total_vp
FN:1709,cast_vote
FN:1727,change_owner
FNF:18
FNDA:5,mock_app
FNDA:13,{closure#0}
FNDA:6,instantiate_contracts
FNDA:1,instantiate_astro_token
FNDA:1,instantiate_xastro_token
FNDA:1,instantiate_vxastro_token
FNDA:6,instantiate_builder_unlock_contract
FNDA:5,instantiate_assembly_contract
FNDA:3,mint_tokens
FNDA:1,mint_vxastro
FNDA:1,create_allocations
FNDA:2,{closure#0}
FNDA:2,create_proposal
FNDA:1,check_token_balance
FNDA:1,check_user_vp
FNDA:1,check_total_vp
FNDA:2,cast_vote
FNDA:1,change_owner
DA:1355,5
DA:1356,7
DA:1357,12
DA:1358,5
DA:1359,7
DA:1360,5
DA:1362,25
DA:1364,7
DA:1366,7
DA:1367,13
DA:1370,6
DA:1371,5
DA:1372,5
DA:1374,1
DA:1375,1
DA:1384,6
DA:1385,5
DA:1386,1
DA:1387,5
DA:1388,1
DA:1391,5
DA:1392,1
DA:1393,5
DA:1394,1
DA:1395,5
DA:1396,1
DA:1400,1
DA:1401,8
DA:1407,6
DA:1410,1
DA:1411,6
DA:1413,1
DA:1414,6
DA:1421,7
DA:1424,7
DA:1427,1
DA:1428,6
DA:1433,1
DA:1434,7
DA:1440,6
DA:1443,1
DA:1451,6
DA:1454,1
DA:1456,6
DA:1459,7
DA:1462,7
DA:1465,1
DA:1466,6
DA:1470,14
DA:1472,6
DA:1473,1
DA:1474,7
DA:1478,1
DA:1481,1
DA:1482,7
DA:1488,6
DA:1491,1
DA:1492,7
DA:1493,6
DA:1495,7
DA:1499,7
DA:1502,7
DA:1505,1
DA:1506,6
DA:1511,6
DA:1512,7
DA:1518,1
DA:1521,6
DA:1522,1
DA:1523,6
DA:1526,2
DA:1529,7
DA:1532,7
DA:1533,7
DA:1538,5
DA:1545,6
DA:1551,1
DA:1554,5
DA:1555,6
DA:1557,1
DA:1561,5
DA:1562,1
DA:1563,5
DA:1564,6
DA:1567,2
DA:1570,6
DA:1573,6
DA:1574,6
DA:1579,3
DA:1581,1
DA:1582,3
DA:1585,4
DA:1589,1
DA:1600,1
DA:1601,1
DA:1606,1
DA:1607,1
DA:1608,2
DA:1611,2
DA:1614,1
DA:1620,2
DA:1622,2
DA:1627,1
DA:1629,1
DA:1633,2
DA:1634,1
DA:1635,2
DA:1636,1
DA:1637,1
DA:1638,1
DA:1639,2
DA:1646,2
DA:1654,1
DA:1655,2
DA:1661,2
DA:1662,1
DA:1663,2
DA:1664,2
DA:1665,1
DA:1666,2
DA:1667,1
DA:1674,1
DA:1676,1
DA:1678,2
DA:1679,1
DA:1682,1
DA:1683,3
DA:1686,1
DA:1687,1
DA:1688,1
DA:1694,1
DA:1697,1
DA:1698,3
DA:1701,1
DA:1702,1
DA:1706,1
DA:1709,2
DA:1716,2
DA:1717,1
DA:1718,2
DA:1719,1
DA:1727,1
DA:1729,1
DA:1732,2
DA:1735,1
DA:1736,1
DA:1737,1
LF:147
LH:147
end_of_record
TN:
SF:contracts/builder_unlock/src/contract.rs
FN:42,instantiate
FN:90,execute
FN:139,{closure#0}
FN:164,execute_receive_cw20
FN:214,query
FN:243,execute_create_allocations
FN:266,{closure#0}
FN:324,execute_withdraw
FN:370,execute_propose_new_receiver
FN:411,execute_drop_new_receiver
FN:443,execute_decrease_allocation
FN:505,execute_increase_allocation
FN:566,execute_transfer_unallocated
FN:620,execute_claim_receiver
FN:676,update_config
FN:698,increase_cliffs
FN:732,query_config
FN:739,query_state
FN:754,query_allocation
FN:772,query_allocations
FN:801,query_tokens_unlocked
FN:825,query_simulate_withdraw
FN:857,migrate
FN:875,{closure#0}
FN:924,compute_unlocked_amount
FN:956,compute_withdraw_amount
FNF:26
FNDA:15,instantiate
FNDA:2,execute
FNDA:3,{closure#0}
FNDA:8,execute_receive_cw20
FNDA:2,query
FNDA:8,execute_create_allocations
FNDA:16,{closure#0}
FNDA:2,execute_withdraw
FNDA:1,execute_propose_new_receiver
FNDA:1,execute_drop_new_receiver
FNDA:1,execute_decrease_allocation
FNDA:1,execute_increase_allocation
FNDA:1,execute_transfer_unallocated
FNDA:1,execute_claim_receiver
FNDA:0,update_config
FNDA:1,increase_cliffs
FNDA:1,query_config
FNDA:3,query_state
FNDA:3,query_allocation
FNDA:1,query_allocations
FNDA:1,query_tokens_unlocked
FNDA:1,query_simulate_withdraw
FNDA:0,migrate
FNDA:0,{closure#0}
FNDA:2,compute_unlocked_amount
FNDA:1,compute_withdraw_amount
DA:42,15
DA:48,25
DA:49,25
DA:50,10
DA:51,10
DA:52,25
DA:53,25
DA:54,15
DA:57,15
DA:90,2
DA:91,2
DA:92,10
DA:93,4
DA:94,1
DA:95,2
DA:97,2
DA:98,1
DA:99,2
DA:101,1
DA:102,2
DA:103,2
DA:104,0
DA:108,1
DA:110,1
DA:111,2
DA:113,1
DA:114,2
DA:116,1
DA:120,2
DA:123,1
DA:124,1
DA:125,1
DA:126,1
DA:128,1
DA:133,0
DA:135,0
DA:138,4
DA:139,3
DA:140,2
DA:141,1
DA:144,1
DA:147,0
DA:150,2
DA:164,8
DA:169,16
DA:171,8
DA:172,8
DA:173,8
DA:174,8
DA:175,8
DA:177,1
DA:178,2
DA:180,2
DA:181,0
DA:183,3
DA:184,0
DA:189,1
DA:214,2
DA:215,3
DA:216,2
DA:217,7
DA:218,7
DA:219,1
DA:220,3
DA:222,1
DA:223,2
DA:225,1
DA:226,2
DA:243,8
DA:250,16
DA:251,10
DA:253,16
DA:254,1
DA:259,14
DA:260,1
DA:263,8
DA:264,15
DA:266,16
DA:269,1
DA:272,7
DA:273,8
DA:275,8
DA:276,0
DA:282,17
DA:283,8
DA:285,16
DA:287,16
DA:289,2
DA:295,16
DA:299,8
DA:301,0
DA:307,16
DA:312,8
DA:313,16
DA:324,2
DA:325,4
DA:326,4
DA:328,4
DA:329,2
DA:331,2
DA:334,2
DA:337,2
DA:340,4
DA:342,2
DA:344,4
DA:345,1
DA:348,2
DA:349,2
DA:350,4
DA:351,2
DA:352,2
DA:354,2
DA:357,6
DA:358,2
DA:359,2
DA:370,1
DA:375,3
DA:377,1
DA:378,1
DA:379,2
DA:385,4
DA:386,3
DA:388,4
DA:389,1
DA:395,3
DA:396,4
DA:400,5
DA:402,3
DA:411,1
DA:412,3
DA:415,1
DA:416,1
DA:417,1
DA:418,1
DA:419,2
DA:422,2
DA:426,3
DA:428,1
DA:443,1
DA:450,2
DA:451,2
DA:452,0
DA:457,2
DA:459,2
DA:460,2
DA:461,2
DA:464,1
DA:465,1
DA:466,1
DA:467,1
DA:469,1
DA:471,1
DA:472,1
DA:478,2
DA:479,1
DA:480,2
DA:481,2
DA:483,2
DA:484,2
DA:485,2
DA:487,4
DA:489,1
DA:490,1
DA:505,1
DA:512,2
DA:514,2
DA:515,1
DA:516,2
DA:518,2
DA:519,1
DA:520,2
DA:521,2
DA:523,2
DA:524,0
DA:531,2
DA:532,1
DA:538,2
DA:539,2
DA:540,2
DA:542,2
DA:543,2
DA:546,0
DA:550,3
DA:552,1
DA:553,1
DA:566,1
DA:572,1
DA:573,1
DA:574,0
DA:577,2
DA:578,2
DA:580,2
DA:581,0
DA:586,2
DA:587,0
DA:593,2
DA:596,1
DA:597,2
DA:601,1
DA:604,1
DA:606,4
DA:608,1
DA:609,1
DA:620,1
DA:625,2
DA:627,1
DA:628,1
DA:629,2
DA:630,1
DA:631,0
DA:634,0
DA:640,1
DA:642,1
DA:644,2
DA:646,1
DA:649,1
DA:650,0
DA:652,0
DA:655,2
DA:656,2
DA:658,0
DA:665,2
DA:669,4
DA:671,2
DA:672,2
DA:676,0
DA:681,0
DA:683,0
DA:684,0
DA:689,0
DA:690,0
DA:692,0
DA:698,1
DA:703,2
DA:705,2
DA:706,1
DA:711,3
DA:712,2
DA:713,2
DA:715,1
DA:716,2
DA:721,1
DA:722,2
DA:725,1
DA:732,1
DA:733,1
DA:739,3
DA:740,2
DA:741,2
DA:742,3
DA:743,2
DA:744,3
DA:754,3
DA:755,5
DA:757,4
DA:758,9
DA:759,2
DA:761,9
DA:762,5
DA:772,1
DA:777,2
DA:780,1
DA:781,2
DA:782,2
DA:784,1
DA:787,2
DA:788,1
DA:801,1
DA:802,2
DA:804,3
DA:805,4
DA:807,2
DA:808,2
DA:809,2
DA:810,2
DA:825,1
DA:831,2
DA:833,2
DA:834,2
DA:836,1
DA:837,0
DA:838,2
DA:841,2
DA:842,1
DA:857,0
DA:858,0
DA:860,0
DA:861,0
DA:862,0
DA:863,0
DA:864,0
DA:865,0
DA:866,0
DA:869,0
DA:873,0
DA:874,0
DA:875,0
DA:878,0
DA:879,0
DA:882,0
DA:884,0
DA:887,0
DA:889,0
DA:890,0
DA:891,0
DA:892,0
DA:893,0
DA:898,0
DA:899,0
DA:901,0
DA:904,0
DA:906,0
DA:908,0
DA:924,2
DA:931,2
DA:932,1
DA:935,6
DA:936,2
DA:938,2
DA:939,2
DA:940,2
DA:943,5
DA:944,2
DA:946,1
DA:951,0
DA:956,1
DA:964,1
DA:965,1
DA:966,2
DA:970,2
DA:971,2
LF:331
LH:274
end_of_record
TN:
SF:contracts/builder_unlock/tests/integration.rs
FN:14,mock_app
FN:18,init_contracts
FN:85,mint_some_astro
FN:104,check_alloc_amount
FN:117,check_unlock_amount
FN:1858,check_allocation
FNF:6
FNDA:7,mock_app
FNDA:9,init_contracts
FNDA:7,mint_some_astro
FNDA:1,check_alloc_amount
FNDA:1,check_unlock_amount
FNDA:1,check_allocation
DA:14,7
DA:15,8
DA:18,9
DA:20,18
DA:26,9
DA:29,9
DA:30,9
DA:32,9
DA:33,9
DA:40,18
DA:43,18
DA:46,9
DA:47,9
DA:52,18
DA:58,9
DA:61,9
DA:62,9
DA:63,9
DA:67,9
DA:70,18
DA:74,9
DA:79,9
DA:80,9
DA:81,9
DA:85,7
DA:93,7
DA:96,14
DA:97,21
DA:99,14
DA:100,7
DA:101,7
DA:104,1
DA:105,3
DA:109,1
DA:110,1
DA:114,1
DA:117,1
DA:118,3
DA:122,1
DA:123,1
DA:127,1
DA:1858,1
DA:1866,4
DA:1868,1
DA:1870,1
DA:1871,2
DA:1872,2
DA:1874,1
LF:48
LH:48
end_of_record
TN:
SF:contracts/escrow_fee_distributor/src/contract.rs
FN:39,instantiate
FN:98,execute
FN:115,{closure#0}
FN:118,{closure#1}
FN:121,{closure#2}
FN:122,{closure#0}
FN:129,{closure#3}
FN:153,receive_cw20
FN:166,{closure#0}
FN:188,claim
FN:196,{closure#0}
FN:233,claim_many
FN:290,calc_claim_amount
FN:359,calculate_reward
FN:383,update_config
FN:441,query
FN:468,query_available_reward_per_week
FN:483,{closure#0}
FN:497,query_user_reward
FN:530,query_config
FN:553,migrate
FNF:21
FNDA:21,instantiate
FNDA:2,execute
FNDA:0,{closure#0}
FNDA:0,{closure#1}
FNDA:0,{closure#2}
FNDA:0,{closure#0}
FNDA:0,{closure#3}
FNDA:2,receive_cw20
FNDA:8,{closure#0}
FNDA:1,claim
FNDA:4,{closure#0}
FNDA:1,claim_many
FNDA:1,calc_claim_amount
FNDA:3,calculate_reward
FNDA:1,update_config
FNDA:3,query
FNDA:1,query_available_reward_per_week
FNDA:2,{closure#0}
FNDA:0,query_user_reward
FNDA:3,query_config
FNDA:0,migrate
DA:39,21
DA:45,36
DA:47,15
DA:48,0
DA:49,0
DA:56,36
DA:57,21
DA:58,15
DA:59,36
DA:60,36
DA:61,36
DA:62,15
DA:63,21
DA:67,21
DA:98,2
DA:104,6
DA:105,3
DA:107,0
DA:108,0
DA:109,0
DA:110,0
DA:112,0
DA:115,0
DA:117,0
DA:118,0
DA:121,0
DA:122,0
DA:123,0
DA:124,0
DA:127,0
DA:129,0
DA:131,3
DA:132,2
DA:133,3
DA:137,4
DA:153,2
DA:159,4
DA:160,4
DA:161,0
DA:164,4
DA:166,8
DA:167,3
DA:168,2
DA:170,2
DA:174,4
DA:188,1
DA:195,1
DA:196,4
DA:199,1
DA:201,1
DA:202,0
DA:205,2
DA:207,2
DA:208,5
DA:209,1
DA:210,1
DA:213,5
DA:214,3
DA:215,1
DA:216,4
DA:217,4
DA:219,2
DA:221,2
DA:233,1
DA:238,2
DA:240,1
DA:241,1
DA:244,2
DA:245,1
DA:248,2
DA:249,1
DA:251,4
DA:252,2
DA:254,1
DA:255,1
DA:256,2
DA:257,1
DA:260,5
DA:261,2
DA:262,2
DA:263,2
DA:264,2
DA:266,2
DA:270,6
DA:271,4
DA:272,2
DA:273,4
DA:275,2
DA:277,2
DA:290,1
DA:291,3
DA:292,1
DA:293,1
DA:294,1
DA:298,3
DA:299,1
DA:300,1
DA:302,1
DA:303,1
DA:304,2
DA:306,3
DA:308,1
DA:313,1
DA:317,4
DA:318,1
DA:319,2
DA:320,2
DA:321,1
DA:325,7
DA:326,1
DA:327,1
DA:328,2
DA:332,2
DA:333,7
DA:334,1
DA:335,3
DA:336,1
DA:337,3
DA:341,4
DA:344,2
DA:346,1
DA:359,3
DA:365,3
DA:366,1
DA:369,1
DA:383,1
DA:389,3
DA:390,2
DA:392,2
DA:393,1
DA:396,2
DA:397,1
DA:398,1
DA:400,1
DA:404,2
DA:405,1
DA:406,0
DA:412,1
DA:413,1
DA:415,1
DA:419,2
DA:421,2
DA:441,3
DA:442,3
DA:443,0
DA:444,0
DA:446,6
DA:447,1
DA:448,2
DA:468,1
DA:473,1
DA:474,1
DA:475,0
DA:477,1
DA:480,2
DA:481,1
DA:483,2
DA:497,0
DA:498,0
DA:499,0
DA:501,0
DA:502,0
DA:507,0
DA:508,0
DA:509,0
DA:512,0
DA:514,0
DA:515,0
DA:516,0
DA:519,0
DA:522,0
DA:530,3
DA:531,3
DA:534,3
DA:535,3
DA:536,3
DA:537,3
DA:538,3
DA:541,3
DA:553,0
DA:554,0
LF:181
LH:143
end_of_record
TN:
SF:contracts/escrow_fee_distributor/src/error.rs
FN:22,from
FNF:1
FNDA:0,from
DA:22,0
DA:23,0
LF:2
LH:0
end_of_record
TN:
SF:contracts/escrow_fee_distributor/src/utils.rs
FN:12,transfer_token_amount
FNF:1
FNDA:2,transfer_token_amount
DA:12,2
DA:17,6
DA:18,4
DA:19,2
DA:20,4
DA:21,2
DA:22,2
DA:24,2
DA:27,0
DA:30,2
LF:10
LH:9
end_of_record
TN:
SF:contracts/escrow_fee_distributor/tests/integration.rs
FN:27,mock_app
FN:39,{closure#0}
FN:42,init_astroport_test_package
FNF:3
FNDA:5,mock_app
FNDA:7,{closure#0}
FNDA:5,init_astroport_test_package
DA:27,5
DA:28,6
DA:29,5
DA:30,2
DA:31,6
DA:32,1
DA:34,9
DA:36,6
DA:38,5
DA:39,7
DA:42,5
DA:44,2
DA:47,6
LF:13
LH:13
end_of_record
TN:
SF:contracts/generator_controller/src/bps.rs
FN:18,checked_add
FN:27,from_ratio
FN:30,{closure#0}
FN:39,try_from
FN:51,try_from
FN:61,from
FN:67,from
FN:75,mul
FN:83,mul
FN:100,checked_multiply_ratio<u16, cosmwasm_std::math::uint128::Uint128>
FN:109,{closure#0}<u16, cosmwasm_std::math::uint128::Uint128>
FN:112,{closure#1}<u16, cosmwasm_std::math::uint128::Uint128>
FN:119,{closure#2}<u16, cosmwasm_std::math::uint128::Uint128>
FNF:13
FNDA:5,checked_add
FNDA:0,from_ratio
FNDA:0,{closure#0}
FNDA:5,try_from
FNDA:0,try_from
FNDA:3,from
FNDA:0,from
FNDA:5,mul
FNDA:0,mul
FNDA:0,checked_multiply_ratio<u16, cosmwasm_std::math::uint128::Uint128>
FNDA:0,{closure#0}<u16, cosmwasm_std::math::uint128::Uint128>
FNDA:0,{closure#1}<u16, cosmwasm_std::math::uint128::Uint128>
FNDA:0,{closure#2}<u16, cosmwasm_std::math::uint128::Uint128>
DA:18,5
DA:19,2
DA:20,10
DA:21,1
DA:23,2
DA:27,0
DA:28,0
DA:30,0
DA:39,5
DA:40,6
DA:41,2
DA:43,1
DA:51,0
DA:52,0
DA:53,0
DA:55,0
DA:61,3
DA:67,0
DA:68,0
DA:75,5
DA:76,2
DA:83,0
DA:85,0
DA:86,0
DA:100,0
DA:105,0
DA:106,0
DA:107,0
DA:108,0
DA:109,0
DA:110,0
DA:111,0
DA:112,0
DA:114,0
DA:115,0
DA:117,0
DA:119,0
LF:37
LH:12
end_of_record
TN:
SF:contracts/generator_controller/src/contract.rs
FN:55,instantiate
FN:110,execute
FN:146,{closure#0}
FN:152,{closure#1}
FN:155,{closure#2}
FN:156,{closure#0}
FN:163,{closure#3}
FN:179,kick_blacklisted_voters
FN:219,{closure#0}
FN:268,handle_vote
FN:293,{closure#0}
FN:302,{closure#1}
FN:312,{closure#0}
FN:321,{closure#2}
FN:336,{closure#3}
FN:352,{closure#4}
FN:389,tune_pools
FN:402,{closure#0}
FN:414,{closure#1}
FN:415,{closure#2}
FN:432,{closure#3}
FN:444,{closure#4}
FN:504,update_config
FN:557,change_pools_limit
FN:589,query
FN:603,user_info
FN:608,{closure#0}
FN:613,pool_info
FN:628,migrate
FNF:29
FNDA:8,instantiate
FNDA:2,execute
FNDA:2,{closure#0}
FNDA:0,{closure#1}
FNDA:4,{closure#2}
FNDA:3,{closure#0}
FNDA:2,{closure#3}
FNDA:1,kick_blacklisted_voters
FNDA:4,{closure#0}
FNDA:3,handle_vote
FNDA:7,{closure#0}
FNDA:12,{closure#1}
FNDA:9,{closure#0}
FNDA:11,{closure#2}
FNDA:8,{closure#3}
FNDA:16,{closure#4}
FNDA:2,tune_pools
FNDA:6,{closure#0}
FNDA:4,{closure#1}
FNDA:4,{closure#2}
FNDA:3,{closure#3}
FNDA:3,{closure#4}
FNDA:1,update_config
FNDA:2,change_pools_limit
FNDA:2,query
FNDA:3,user_info
FNDA:0,{closure#0}
FNDA:2,pool_info
FNDA:0,migrate
DA:55,8
DA:61,11
DA:63,11
DA:64,3
DA:65,3
DA:66,11
DA:67,11
DA:68,11
DA:69,11
DA:70,11
DA:71,8
DA:72,3
DA:73,8
DA:78,11
DA:79,8
DA:80,3
DA:81,3
DA:82,8
DA:86,8
DA:110,2
DA:111,2
DA:112,1
DA:113,2
DA:115,6
DA:116,4
DA:117,4
DA:118,1
DA:124,1
DA:125,1
DA:127,1
DA:131,1
DA:135,2
DA:138,1
DA:139,1
DA:140,1
DA:141,1
DA:143,1
DA:146,2
DA:149,0
DA:151,0
DA:152,0
DA:155,4
DA:156,3
DA:157,2
DA:158,1
DA:161,1
DA:163,2
DA:179,1
DA:180,2
DA:181,2
DA:183,2
DA:184,1
DA:188,2
DA:189,2
DA:190,0
DA:194,3
DA:195,1
DA:196,1
DA:197,1
DA:201,1
DA:202,0
DA:205,3
DA:206,2
DA:207,3
DA:208,1
DA:209,2
DA:212,1
DA:213,1
DA:215,1
DA:219,4
DA:220,1
DA:221,1
DA:222,1
DA:224,1
DA:225,2
DA:226,2
DA:227,1
DA:232,1
DA:237,2
DA:242,1
DA:268,3
DA:274,3
DA:275,5
DA:276,6
DA:277,6
DA:279,6
DA:280,3
DA:283,7
DA:285,7
DA:286,2
DA:290,7
DA:293,7
DA:295,7
DA:296,1
DA:300,5
DA:302,12
DA:303,7
DA:305,6
DA:306,2
DA:307,1
DA:311,13
DA:312,9
DA:313,6
DA:314,5
DA:319,13
DA:321,11
DA:322,2
DA:325,7
DA:326,2
DA:329,2
DA:330,2
DA:332,2
DA:336,8
DA:337,2
DA:338,2
DA:339,2
DA:341,2
DA:342,4
DA:343,4
DA:344,2
DA:349,4
DA:352,16
DA:353,5
DA:354,5
DA:355,2
DA:357,5
DA:358,4
DA:359,10
DA:360,2
DA:365,5
DA:367,5
DA:368,2
DA:372,7
DA:374,7
DA:389,2
DA:390,4
DA:391,4
DA:392,4
DA:394,4
DA:395,2
DA:398,6
DA:399,4
DA:402,6
DA:403,2
DA:405,4
DA:407,4
DA:408,1
DA:410,2
DA:414,4
DA:415,4
DA:418,6
DA:419,2
DA:420,2
DA:421,2
DA:422,2
DA:423,2
DA:427,2
DA:428,2
DA:430,2
DA:432,3
DA:434,2
DA:437,1
DA:441,2
DA:444,3
DA:449,2
DA:451,1
DA:452,2
DA:454,1
DA:456,2
DA:458,6
DA:461,2
DA:467,4
DA:468,2
DA:472,2
DA:473,2
DA:474,4
DA:475,2
DA:477,2
DA:480,2
DA:481,2
DA:483,4
DA:484,2
DA:504,1
DA:512,2
DA:514,2
DA:515,1
DA:518,2
DA:519,1
DA:522,2
DA:523,2
DA:524,1
DA:526,1
DA:529,2
DA:530,2
DA:531,0
DA:533,2
DA:536,2
DA:537,2
DA:538,1
DA:542,2
DA:544,2
DA:557,2
DA:558,4
DA:560,4
DA:561,1
DA:564,5
DA:565,5
DA:567,6
DA:589,2
DA:590,2
DA:591,6
DA:592,2
DA:593,3
DA:594,0
DA:595,2
DA:596,4
DA:603,3
DA:604,6
DA:605,9
DA:606,3
DA:608,0
DA:613,2
DA:619,4
DA:620,4
DA:621,4
DA:622,2
DA:628,0
DA:629,0
DA:631,0
DA:632,0
DA:633,0
DA:634,0
DA:636,0
DA:639,0
DA:641,0
DA:643,0
LF:236
LH:218
end_of_record
TN:
SF:contracts/generator_controller/src/migration.rs
FN:45,migrate_configs_to_v110
FNF:1
FNDA:0,migrate_configs_to_v110
DA:45,0
DA:46,0
DA:49,0
DA:50,0
DA:51,0
DA:52,0
DA:53,0
DA:57,0
DA:58,0
DA:61,0
DA:63,0
LF:11
LH:0
end_of_record
TN:
SF:contracts/generator_controller/src/state.rs
FN:32,into_response
FN:36,{closure#0}
FNF:2
FNDA:3,into_response
FNDA:6,{closure#0}
DA:32,3
DA:33,6
DA:36,6
DA:40,3
DA:41,6
DA:42,3
DA:43,3
LF:7
LH:7
end_of_record
TN:
SF:contracts/generator_controller/src/utils.rs
FN:28,calc_slope
FN:35,calc_voting_power
FN:56,filter_pools
FN:98,cancel_user_changes
FN:126,{closure#0}
FN:133,vote_for_pool
FN:156,{closure#1}
FN:164,update_pool_info
FN:199,get_pool_info_mut
FN:253,get_pool_info
FN:295,fetch_last_pool_period
FN:316,fetch_slope_changes
FN:333,validate_pools_limit
FNF:13
FNDA:5,calc_slope
FNDA:5,calc_voting_power
FNDA:2,filter_pools
FNDA:2,cancel_user_changes
FNDA:4,{closure#0}
FNDA:2,vote_for_pool
FNDA:7,{closure#1}
FNDA:5,update_pool_info
FNDA:2,get_pool_info_mut
FNDA:2,get_pool_info
FNDA:2,fetch_last_pool_period
FNDA:2,fetch_slope_changes
FNDA:3,validate_pools_limit
DA:28,5
DA:29,2
DA:30,7
DA:31,2
DA:35,5
DA:36,2
DA:37,7
DA:38,2
DA:56,2
DA:63,4
DA:64,2
DA:67,4
DA:68,2
DA:72,4
DA:74,8
DA:76,2
DA:78,4
DA:79,6
DA:80,2
DA:81,2
DA:82,5
DA:83,2
DA:85,1
DA:91,2
DA:98,2
DA:108,2
DA:109,2
DA:110,2
DA:111,4
DA:112,4
DA:113,3
DA:114,1
DA:116,2
DA:124,2
DA:126,4
DA:133,2
DA:143,12
DA:144,6
DA:145,2
DA:147,2
DA:154,2
DA:156,7
DA:164,5
DA:170,12
DA:171,2
DA:173,2
DA:174,11
DA:175,17
DA:176,8
DA:178,12
DA:179,7
DA:180,2
DA:182,7
DA:183,7
DA:184,2
DA:186,2
DA:187,4
DA:188,4
DA:189,2
DA:191,2
DA:194,5
DA:199,2
DA:204,11
DA:207,3
DA:209,7
DA:211,4
DA:213,4
DA:215,6
DA:216,2
DA:217,2
DA:218,2
DA:219,2
DA:220,2
DA:223,2
DA:226,2
DA:227,2
DA:228,4
DA:229,2
DA:233,2
DA:242,2
DA:245,5
DA:248,5
DA:253,2
DA:258,8
DA:259,2
DA:260,4
DA:261,4
DA:263,4
DA:264,5
DA:265,1
DA:266,1
DA:267,1
DA:268,1
DA:269,1
DA:272,1
DA:274,1
DA:278,2
DA:287,1
DA:290,2
DA:295,2
DA:300,19
DA:304,2
DA:305,7
DA:306,5
DA:310,6
DA:311,5
DA:316,2
DA:322,6
DA:326,4
DA:327,4
DA:328,2
DA:333,3
DA:334,16
DA:335,1
DA:337,3
LF:115
LH:115
end_of_record
TN:
SF:contracts/generator_controller/tests/math_test.rs
FN:64,escrow_events_router
FN:95,vote
FN:136,{closure#0}
FN:146,change_pool_limit
FN:160,event_router
FN:181,register_pools
FN:196,simulate_case
FN:206,{closure#0}
FN:279,escrow_events_strategy
FN:288,vote_strategy
FN:295,{closure#0}
FN:298,{closure#0}
FN:303,{closure#1}
FN:306,{closure#2}
FN:315,controller_events_strategy
FN:323,generate_cases
FNF:16
FNDA:1,escrow_events_router
FNDA:1,vote
FNDA:2,{closure#0}
FNDA:1,change_pool_limit
FNDA:1,event_router
FNDA:2,register_pools
FNDA:1,simulate_case
FNDA:2,{closure#0}
FNDA:1,escrow_events_strategy
FNDA:1,vote_strategy
FNDA:1,{closure#0}
FNDA:2,{closure#0}
FNDA:2,{closure#1}
FNDA:4,{closure#2}
FNDA:1,controller_events_strategy
FNDA:1,generate_cases
DA:46,2
DA:47,2
DA:48,2
DA:50,2
DA:51,4
DA:56,2
DA:58,2
DA:64,1
DA:66,1
DA:67,1
DA:68,2
DA:70,1
DA:71,2
DA:72,1
DA:75,1
DA:78,1
DA:79,2
DA:81,1
DA:83,1
DA:84,2
DA:86,1
DA:87,2
DA:89,1
DA:91,1
DA:95,1
DA:96,3
DA:98,4
DA:99,2
DA:103,2
DA:104,1
DA:107,3
DA:108,1
DA:109,3
DA:110,4
DA:113,2
DA:115,3
DA:118,2
DA:120,2
DA:121,1
DA:122,2
DA:124,2
DA:125,1
DA:126,4
DA:127,1
DA:129,1
DA:131,1
DA:132,2
DA:136,2
DA:138,1
DA:139,0
DA:141,2
DA:142,1
DA:146,1
DA:147,3
DA:149,1
DA:150,1
DA:151,1
DA:154,3
DA:155,1
DA:156,1
DA:160,1
DA:161,2
DA:162,1
DA:163,1
DA:164,2
DA:165,2
DA:169,2
DA:170,2
DA:173,1
DA:174,1
DA:175,0
DA:181,2
DA:182,4
DA:183,2
DA:184,2
DA:185,4
DA:186,2
DA:187,4
DA:188,4
DA:196,1
DA:202,1
DA:203,1
DA:206,2
DA:209,2
DA:210,2
DA:212,4
DA:213,2
DA:215,4
DA:216,2
DA:219,3
DA:221,1
DA:222,2
DA:223,1
DA:227,2
DA:228,2
DA:229,1
DA:231,2
DA:232,1
DA:236,1
DA:239,3
DA:240,1
DA:241,1
DA:243,1
DA:244,1
DA:245,1
DA:246,1
DA:248,1
DA:249,4
DA:250,1
DA:251,1
DA:255,2
DA:256,2
DA:257,3
DA:259,1
DA:264,1
DA:265,1
DA:266,0
DA:269,1
DA:279,1
DA:280,3
DA:281,1
DA:282,2
DA:283,1
DA:284,4
DA:288,1
DA:290,1
DA:291,1
DA:295,1
DA:296,2
DA:298,2
DA:299,1
DA:300,2
DA:301,1
DA:303,2
DA:305,1
DA:306,4
DA:307,1
DA:309,0
DA:315,1
DA:316,4
DA:317,1
DA:318,2
DA:319,1
DA:323,1
DA:331,1
DA:333,1
DA:334,4
DA:336,2
DA:337,2
DA:338,1
DA:340,1
DA:341,1
DA:342,1
DA:344,1
DA:346,1
DA:348,1
DA:349,1
DA:350,2
DA:352,1
DA:358,1
DA:361,2
DA:363,1
DA:364,2
DA:365,2
LF:164
LH:160
end_of_record
TN:
SF:contracts/voting_escrow/src/contract.rs
FN:58,instantiate
FN:170,execute
FN:210,{closure#0}
FN:216,{closure#1}
FN:220,{closure#0}
FN:227,{closure#3}
FN:238,{closure#4}
FN:266,checkpoint_total
FN:339,checkpoint
FN:435,receive_cw20
FN:473,create_lock
FN:516,deposit_for
FN:553,withdraw
FN:558,{closure#0}
FN:597,configure_early_withdrawal
FN:637,withdraw_early
FN:646,{closure#0}
FN:761,withdraw_early_callback
FN:839,extend_lock_time
FN:849,{closure#0}
FN:884,update_blacklist
FN:973,{closure#0}
FN:1000,execute_update_config
FN:1040,query
FN:1098,check_voters_are_blacklisted
FN:1126,get_blacklisted_voters
FN:1167,get_user_lock_info
FN:1172,{closure#0}
FN:1195,get_early_withdraw_amount
FN:1225,get_user_deposit_at_height
FN:1246,get_user_voting_power
FN:1264,get_user_voting_power_at_period
FN:1299,get_user_balance
FN:1315,get_total_voting_power
FN:1332,get_total_voting_power_at_period
FN:1348,{closure#0}
FN:1376,query_token_info
FN:1397,migrate
FNF:38
FNDA:33,instantiate
FNDA:9,execute
FNDA:2,{closure#0}
FNDA:0,{closure#1}
FNDA:6,{closure#0}
FNDA:2,{closure#3}
FNDA:0,{closure#4}
FNDA:9,checkpoint_total
FNDA:14,checkpoint
FNDA:6,receive_cw20
FNDA:15,create_lock
FNDA:3,deposit_for
FNDA:4,withdraw
FNDA:8,{closure#0}
FNDA:2,configure_early_withdrawal
FNDA:1,withdraw_early
FNDA:2,{closure#0}
FNDA:1,withdraw_early_callback
FNDA:3,extend_lock_time
FNDA:6,{closure#0}
FNDA:3,update_blacklist
FNDA:7,{closure#0}
FNDA:0,execute_update_config
FNDA:7,query
FNDA:2,check_voters_are_blacklisted
FNDA:1,get_blacklisted_voters
FNDA:7,get_user_lock_info
FNDA:12,{closure#0}
FNDA:1,get_early_withdraw_amount
FNDA:3,get_user_deposit_at_height
FNDA:9,get_user_voting_power
FNDA:9,get_user_voting_power_at_period
FNDA:0,get_user_balance
FNDA:5,get_total_voting_power
FNDA:5,get_total_voting_power_at_period
FNDA:9,{closure#0}
FNDA:0,query_token_info
FNDA:0,migrate
DA:58,33
DA:64,50
DA:67,50
DA:68,0
DA:70,70
DA:72,34
DA:74,52
DA:77,52
DA:79,0
DA:80,52
DA:86,52
DA:89,18
DA:90,34
DA:91,52
DA:94,52
DA:95,52
DA:97,52
DA:99,52
DA:101,34
DA:104,18
DA:106,34
DA:107,34
DA:108,18
DA:111,52
DA:113,18
DA:114,0
DA:115,0
DA:117,0
DA:118,0
DA:119,0
DA:122,0
DA:126,0
DA:127,0
DA:128,0
DA:134,0
DA:139,34
DA:140,18
DA:142,34
DA:143,18
DA:149,52
DA:151,52
DA:170,9
DA:176,6
DA:177,6
DA:178,19
DA:179,8
DA:180,2
DA:181,1
DA:185,1
DA:186,1
DA:187,1
DA:189,1
DA:191,2
DA:195,2
DA:199,4
DA:202,2
DA:203,2
DA:204,2
DA:205,2
DA:207,2
DA:210,2
DA:213,0
DA:215,0
DA:216,0
DA:219,8
DA:220,6
DA:221,4
DA:222,2
DA:225,2
DA:227,2
DA:229,4
DA:233,0
DA:238,0
DA:239,0
DA:240,0
DA:242,0
DA:243,0
DA:266,9
DA:274,25
DA:275,16
DA:276,9
DA:277,25
DA:280,16
DA:281,41
DA:282,25
DA:283,25
DA:285,13
DA:286,4
DA:289,11
DA:290,3
DA:291,3
DA:293,3
DA:296,3
DA:299,4
DA:302,48
DA:303,9
DA:307,9
DA:319,9
DA:339,14
DA:346,30
DA:347,16
DA:348,30
DA:349,14
DA:350,16
DA:353,14
DA:354,41
DA:355,8
DA:356,3
DA:357,4
DA:358,4
DA:359,12
DA:361,3
DA:362,6
DA:363,6
DA:365,6
DA:366,3
DA:367,3
DA:368,3
DA:371,8
DA:372,10
DA:373,10
DA:375,10
DA:376,5
DA:379,4
DA:383,10
DA:386,5
DA:389,5
DA:396,14
DA:398,30
DA:399,30
DA:400,32
DA:410,25
DA:412,25
DA:414,9
DA:415,16
DA:416,9
DA:417,16
DA:418,9
DA:419,16
DA:435,6
DA:441,17
DA:442,32
DA:443,34
DA:445,32
DA:446,26
DA:447,6
DA:448,1
DA:449,2
DA:450,3
DA:451,1
DA:473,15
DA:480,26
DA:482,30
DA:483,30
DA:485,79
DA:486,14
DA:487,3
DA:489,14
DA:490,32
DA:491,28
DA:492,16
DA:497,32
DA:499,25
DA:516,3
DA:522,9
DA:523,3
DA:524,3
DA:525,3
DA:526,9
DA:527,6
DA:528,11
DA:529,3
DA:531,4
DA:532,4
DA:535,3
DA:538,9
DA:540,10
DA:553,4
DA:554,4
DA:556,11
DA:557,4
DA:558,8
DA:559,7
DA:561,8
DA:562,4
DA:563,3
DA:565,8
DA:566,4
DA:567,4
DA:568,8
DA:569,4
DA:570,4
DA:572,4
DA:574,4
DA:575,4
DA:578,12
DA:579,4
DA:580,4
DA:581,4
DA:582,4
DA:585,4
DA:589,8
DA:590,4
DA:597,2
DA:603,4
DA:605,4
DA:606,0
DA:610,6
DA:611,4
DA:612,2
DA:614,2
DA:617,4
DA:618,2
DA:619,4
DA:622,4
DA:624,4
DA:637,1
DA:642,1
DA:644,2
DA:645,1
DA:646,2
DA:647,1
DA:649,2
DA:650,1
DA:651,0
DA:654,2
DA:656,1
DA:659,2
DA:662,1
DA:664,1
DA:665,3
DA:666,1
DA:667,1
DA:668,2
DA:669,1
DA:670,1
DA:672,1
DA:674,1
DA:676,3
DA:677,1
DA:678,1
DA:679,2
DA:680,1
DA:681,1
DA:682,2
DA:684,1
DA:686,1
DA:689,1
DA:690,1
DA:691,1
DA:693,1
DA:694,1
DA:695,2
DA:697,1
DA:699,1
DA:701,1
DA:704,2
DA:705,1
DA:707,1
DA:708,2
DA:711,2
DA:712,0
DA:714,0
DA:718,3
DA:719,1
DA:720,1
DA:721,1
DA:722,1
DA:723,1
DA:729,2
DA:730,2
DA:731,1
DA:734,1
DA:735,1
DA:736,1
DA:737,1
DA:738,1
DA:739,1
DA:743,2
DA:744,1
DA:761,1
DA:768,2
DA:769,0
DA:772,2
DA:775,1
DA:776,1
DA:777,1
DA:779,2
DA:781,2
DA:784,2
DA:786,1
DA:787,2
DA:789,1
DA:790,2
DA:791,2
DA:793,1
DA:794,1
DA:795,2
DA:796,1
DA:797,1
DA:798,2
DA:800,1
DA:803,0
DA:804,0
DA:805,0
DA:806,0
DA:807,0
DA:809,0
DA:813,2
DA:815,0
DA:839,3
DA:845,3
DA:846,8
DA:847,9
DA:848,3
DA:849,6
DA:850,6
DA:853,8
DA:855,6
DA:856,3
DA:860,9
DA:861,6
DA:862,6
DA:864,6
DA:866,6
DA:884,3
DA:891,6
DA:893,7
DA:894,0
DA:896,3
DA:897,3
DA:898,6
DA:899,9
DA:901,9
DA:903,9
DA:905,7
DA:908,6
DA:909,2
DA:912,6
DA:913,3
DA:914,6
DA:915,3
DA:917,6
DA:918,3
DA:919,9
DA:921,9
DA:922,3
DA:923,3
DA:924,3
DA:925,3
DA:926,3
DA:932,6
DA:934,3
DA:939,3
DA:940,3
DA:941,3
DA:945,9
DA:948,3
DA:949,3
DA:950,3
DA:951,3
DA:952,3
DA:953,3
DA:957,8
DA:958,2
DA:959,6
DA:961,2
DA:962,2
DA:963,2
DA:964,2
DA:965,2
DA:970,12
DA:971,6
DA:973,7
DA:975,3
DA:976,3
DA:979,3
DA:980,6
DA:981,6
DA:982,3
DA:984,6
DA:985,6
DA:986,2
DA:989,6
DA:1000,0
DA:1005,0
DA:1007,0
DA:1008,0
DA:1011,0
DA:1012,0
DA:1015,0
DA:1017,0
DA:1040,7
DA:1041,7
DA:1042,2
DA:1043,4
DA:1045,1
DA:1046,2
DA:1048,8
DA:1049,7
DA:1050,12
DA:1052,5
DA:1053,8
DA:1055,2
DA:1056,5
DA:1058,3
DA:1059,4
DA:1061,3
DA:1062,5
DA:1064,16
DA:1065,1
DA:1066,2
DA:1068,3
DA:1069,5
DA:1072,4
DA:1073,2
DA:1074,2
DA:1075,2
DA:1076,2
DA:1077,2
DA:1078,2
DA:1079,2
DA:1080,2
DA:1083,0
DA:1084,0
DA:1085,0
DA:1086,0
DA:1098,2
DA:1102,4
DA:1104,7
DA:1105,4
DA:1106,4
DA:1107,1
DA:1111,2
DA:1126,1
DA:1131,2
DA:1132,1
DA:1134,2
DA:1135,0
DA:1138,2
DA:1140,1
DA:1141,1
DA:1142,2
DA:1143,6
DA:1145,3
DA:1146,3
DA:1147,1
DA:1149,1
DA:1152,0
DA:1156,2
DA:1158,1
DA:1167,7
DA:1168,11
DA:1169,22
DA:1170,12
DA:1171,19
DA:1172,12
DA:1175,5
DA:1176,7
DA:1177,5
DA:1178,7
DA:1181,5
DA:1183,0
DA:1195,1
DA:1196,2
DA:1197,2
DA:1199,2
DA:1200,1
DA:1201,0
DA:1202,1
DA:1203,1
DA:1204,2
DA:1207,1
DA:1208,1
DA:1209,1
DA:1212,1
DA:1225,3
DA:1226,5
DA:1227,5
DA:1228,7
DA:1229,2
DA:1231,2
DA:1246,9
DA:1252,29
DA:1253,8
DA:1264,9
DA:1269,18
DA:1270,10
DA:1272,18
DA:1274,45
DA:1276,9
DA:1277,10
DA:1280,11
DA:1282,9
DA:1285,7
DA:1286,6
DA:1299,0
DA:1300,0
DA:1301,0
DA:1315,5
DA:1320,13
DA:1321,9
DA:1332,5
DA:1337,4
DA:1339,9
DA:1341,10
DA:1342,4
DA:1343,4
DA:1346,5
DA:1348,9
DA:1351,7
DA:1352,5
DA:1354,7
DA:1355,3
DA:1356,10
DA:1357,3
DA:1358,3
DA:1360,3
DA:1364,4
DA:1367,4
DA:1376,0
DA:1377,0
DA:1378,0
DA:1380,0
DA:1381,0
DA:1382,0
DA:1385,0
DA:1397,0
DA:1398,0
DA:1400,0
DA:1401,0
DA:1402,0
DA:1404,0
DA:1406,0
DA:1407,0
DA:1409,0
DA:1412,0
DA:1414,0
DA:1416,0
LF:539
LH:467
end_of_record
TN:
SF:contracts/voting_escrow/src/migration/mod.rs
FNF:0
DA:14,0
DA:15,0
DA:16,0
LF:3
LH:0
end_of_record
TN:
SF:contracts/voting_escrow/src/migration/v110.rs
FN:28,handle_migration
FNF:1
FNDA:0,handle_migration
DA:28,0
DA:29,0
DA:31,0
DA:32,0
DA:34,0
DA:36,0
DA:39,0
DA:41,0
DA:42,0
DA:48,0
DA:49,0
DA:50,0
DA:51,0
DA:52,0
DA:53,0
DA:54,0
DA:55,0
DA:56,0
DA:57,0
DA:61,0
LF:20
LH:0
end_of_record
TN:
SF:contracts/voting_escrow/src/utils.rs
FN:11,time_limits_check
FN:20,xastro_token_check
FN:30,blacklist_check
FN:41,adjust_vp_and_slope
FN:48,calc_voting_power
FN:52,{closure#0}
FN:56,{closure#1}
FN:60,calc_coefficient
FN:66,fetch_last_checkpoint
FN:83,cancel_scheduled_slope
FN:107,schedule_slope_change
FN:117,{closure#1}
FN:124,fetch_slope_changes
FN:141,validate_addresses
FN:150,calc_early_withdraw_amount
FNF:15
FNDA:15,time_limits_check
FNDA:7,xastro_token_check
FNDA:17,blacklist_check
FNDA:14,adjust_vp_and_slope
FNDA:9,calc_voting_power
FNDA:0,{closure#0}
FNDA:4,{closure#1}
FNDA:14,calc_coefficient
FNDA:10,fetch_last_checkpoint
FNDA:4,cancel_scheduled_slope
FNDA:9,schedule_slope_change
FNDA:25,{closure#1}
FNDA:4,fetch_slope_changes
FNDA:3,validate_addresses
FNDA:1,calc_early_withdraw_amount
DA:11,15
DA:12,33
DA:13,3
DA:15,14
DA:20,7
DA:21,16
DA:22,31
DA:23,1
DA:25,9
DA:30,17
DA:31,15
DA:32,46
DA:33,2
DA:35,17
DA:41,14
DA:42,16
DA:43,32
DA:44,16
DA:48,9
DA:49,32
DA:51,9
DA:52,0
DA:53,9
DA:56,4
DA:60,14
DA:62,16
DA:66,10
DA:71,62
DA:72,10
DA:74,10
DA:75,7
DA:76,17
DA:77,10
DA:83,4
DA:84,6
DA:85,6
DA:86,4
DA:88,5
DA:90,10
DA:91,6
DA:92,10
DA:93,3
DA:94,3
DA:96,3
DA:99,6
DA:100,4
DA:103,3
DA:107,9
DA:108,18
DA:109,16
DA:110,34
DA:111,25
DA:112,16
DA:114,9
DA:117,25
DA:119,2
DA:124,4
DA:129,14
DA:131,4
DA:132,4
DA:133,10
DA:134,5
DA:141,3
DA:142,6
DA:144,9
DA:150,1
DA:155,1
DA:156,1
DA:157,1
DA:158,1
DA:160,1
LF:71
LH:70
end_of_record
TN:
SF:contracts/voting_escrow/tests/simulation.rs
FN:41,apply_coefficient
FN:59,mint
FN:64,block_period
FN:68,app_next_period
FN:71,{closure#0}
FN:74,create_lock
FN:79,{closure#0}
FN:94,increase_time
FN:97,{closure#0}
FN:122,extend_lock
FN:125,{closure#0}
FN:144,withdraw
FN:147,{closure#0}
FN:155,append2blacklist
FN:158,{closure#0}
FN:165,remove_from_blacklist
FN:168,{closure#0}
FN:183,event_router
FN:219,{closure#0}
FN:220,{closure#1}
FN:230,checkpoint_all_users
FN:232,{closure#0}
FN:245,get_prev_point
FN:250,checkpoint_user
FN:267,calc_user_balance_at
FN:284,calc_total_balance_at
FN:285,{closure#0}
FN:297,amount_strategy
FN:298,{closure#0}
FN:301,events_strategy
FN:308,{closure#0}
FN:312,generate_cases
FN:314,{closure#0}
FNF:33
FNDA:1,apply_coefficient
FNDA:1,mint
FNDA:1,block_period
FNDA:1,app_next_period
FNDA:2,{closure#0}
FNDA:1,create_lock
FNDA:3,{closure#0}
FNDA:1,increase_time
FNDA:3,{closure#0}
FNDA:1,extend_lock
FNDA:3,{closure#0}
FNDA:1,withdraw
FNDA:3,{closure#0}
FNDA:1,append2blacklist
FNDA:3,{closure#0}
FNDA:1,remove_from_blacklist
FNDA:3,{closure#0}
FNDA:1,event_router
FNDA:2,{closure#0}
FNDA:3,{closure#1}
FNDA:1,checkpoint_all_users
FNDA:4,{closure#0}
FNDA:1,get_prev_point
FNDA:1,checkpoint_user
FNDA:1,calc_user_balance_at
FNDA:1,calc_total_balance_at
FNDA:4,{closure#0}
FNDA:1,amount_strategy
FNDA:3,{closure#0}
FNDA:1,events_strategy
FNDA:4,{closure#0}
FNDA:1,generate_cases
FNDA:3,{closure#0}
DA:41,1
DA:42,1
DA:44,1
DA:48,2
DA:49,2
DA:51,4
DA:52,2
DA:53,8
DA:54,4
DA:59,1
DA:60,2
DA:61,1
DA:64,1
DA:65,2
DA:68,1
DA:69,1
DA:70,1
DA:71,2
DA:74,1
DA:75,1
DA:76,1
DA:77,3
DA:78,1
DA:79,3
DA:80,1
DA:81,1
DA:82,1
DA:83,1
DA:84,1
DA:86,3
DA:87,1
DA:88,1
DA:90,1
DA:94,1
DA:95,3
DA:96,1
DA:97,3
DA:98,2
DA:99,1
DA:100,2
DA:101,1
DA:103,2
DA:104,1
DA:106,1
DA:108,1
DA:109,2
DA:110,1
DA:111,2
DA:112,2
DA:114,1
DA:115,1
DA:116,1
DA:118,1
DA:122,1
DA:123,3
DA:124,1
DA:125,3
DA:126,2
DA:127,1
DA:128,2
DA:129,1
DA:131,2
DA:132,1
DA:134,1
DA:136,1
DA:137,1
DA:138,1
DA:139,1
DA:140,1
DA:144,1
DA:145,3
DA:146,1
DA:147,3
DA:148,2
DA:149,1
DA:150,1
DA:151,1
DA:155,1
DA:156,3
DA:157,2
DA:158,3
DA:159,2
DA:160,1
DA:161,1
DA:165,1
DA:166,3
DA:167,3
DA:168,3
DA:169,2
DA:170,1
DA:171,1
DA:172,2
DA:173,1
DA:175,1
DA:177,1
DA:179,1
DA:183,1
DA:184,1
DA:185,1
DA:186,1
DA:187,2
DA:188,1
DA:191,1
DA:192,2
DA:193,1
DA:196,1
DA:197,2
DA:198,1
DA:202,2
DA:203,1
DA:207,2
DA:208,1
DA:212,1
DA:213,1
DA:217,2
DA:218,2
DA:219,2
DA:220,3
DA:221,2
DA:223,1
DA:225,1
DA:226,0
DA:230,1
DA:231,1
DA:232,4
DA:234,1
DA:235,1
DA:240,2
DA:241,4
DA:242,4
DA:245,1
DA:246,1
DA:247,1
DA:250,1
DA:251,1
DA:252,1
DA:253,1
DA:256,1
DA:259,2
DA:260,4
DA:261,2
DA:262,2
DA:263,2
DA:267,1
DA:268,1
DA:269,0
DA:271,2
DA:272,1
DA:274,2
DA:275,3
DA:276,1
DA:278,1
DA:284,1
DA:285,4
DA:286,1
DA:297,1
DA:298,3
DA:301,1
DA:302,5
DA:303,1
DA:304,1
DA:305,1
DA:306,2
DA:307,1
DA:308,4
DA:312,1
DA:313,1
DA:314,3
DA:316,2
DA:317,1
DA:319,1
DA:320,1
DA:321,1
DA:323,1
DA:329,1
DA:333,2
DA:335,2
DA:336,1
DA:337,3
DA:338,2
DA:341,1
DA:342,3
DA:343,2
DA:344,1
DA:346,1
DA:348,2
DA:349,1
DA:350,2
DA:351,1
DA:354,1
DA:355,1
DA:356,2
DA:358,1
DA:360,1
DA:361,0
DA:364,3
DA:365,1
DA:366,3
DA:368,1
DA:370,1
DA:371,0
DA:374,2
LF:202
LH:198
end_of_record
TN:
SF:contracts/voting_escrow/tests/test_utils.rs
FN:30,init
FN:162,mint_xastro
FN:189,check_xastro_balance
FN:203,check_astro_balance
FN:217,create_lock
FN:238,create_lock_u128
FN:258,extend_lock_amount
FN:278,deposit_for
FN:302,extend_lock_time
FN:311,withdraw
FN:320,withdraw_early
FN:329,configure_early_withdrawal
FN:346,update_blacklist
FN:363,query_user_vp
FN:372,{closure#0}
FN:375,query_exact_user_vp
FN:384,{closure#0}
FN:387,query_user_vp_at
FN:397,{closure#0}
FN:400,query_user_vp_at_period
FN:415,{closure#0}
FN:418,query_total_vp
FN:422,{closure#0}
FN:425,query_exact_total_vp
FN:429,{closure#0}
FN:432,query_total_vp_at
FN:439,{closure#0}
FN:442,query_total_vp_at_period
FN:449,{closure#0}
FN:452,query_early_withdraw_amount
FN:461,{closure#0}
FN:464,query_locked_balance_at
FN:479,{closure#0}
FN:482,query_blacklisted_voters
FN:494,check_voters_are_blacklisted
FN:506,mock_app
FN:518,{closure#0}
FNF:37
FNDA:13,init
FNDA:10,mint_xastro
FNDA:3,check_xastro_balance
FNDA:1,check_astro_balance
FNDA:5,create_lock
FNDA:1,create_lock_u128
FNDA:2,extend_lock_amount
FNDA:1,deposit_for
FNDA:2,extend_lock_time
FNDA:2,withdraw
FNDA:1,withdraw_early
FNDA:1,configure_early_withdrawal
FNDA:2,update_blacklist
FNDA:4,query_user_vp
FNDA:6,{closure#0}
FNDA:1,query_exact_user_vp
FNDA:2,{closure#0}
FNDA:1,query_user_vp_at
FNDA:2,{closure#0}
FNDA:1,query_user_vp_at_period
FNDA:2,{closure#0}
FNDA:2,query_total_vp
FNDA:6,{closure#0}
FNDA:1,query_exact_total_vp
FNDA:2,{closure#0}
FNDA:2,query_total_vp_at
FNDA:4,{closure#0}
FNDA:1,query_total_vp_at_period
FNDA:2,{closure#0}
FNDA:1,query_early_withdraw_amount
FNDA:2,{closure#0}
FNDA:1,query_locked_balance_at
FNDA:2,{closure#0}
FNDA:1,query_blacklisted_voters
FNDA:1,check_voters_are_blacklisted
FNDA:10,mock_app
FNDA:26,{closure#0}
DA:30,13
DA:31,26
DA:37,13
DA:40,13
DA:41,13
DA:43,13
DA:44,13
DA:51,26
DA:54,26
DA:57,13
DA:58,13
DA:63,26
DA:71,13
DA:74,13
DA:76,13
DA:79,26
DA:82,26
DA:85,13
DA:86,13
DA:90,52
DA:92,13
DA:93,13
DA:94,26
DA:98,26
DA:104,13
DA:107,13
DA:108,26
DA:109,13
DA:111,26
DA:114,26
DA:117,26
DA:120,13
DA:121,13
DA:125,26
DA:131,13
DA:134,13
DA:135,13
DA:136,13
DA:141,26
DA:144,26
DA:147,13
DA:148,13
DA:154,13
DA:162,10
DA:163,10
DA:165,10
DA:166,10
DA:168,20
DA:169,30
DA:171,20
DA:172,10
DA:173,10
DA:174,10
DA:175,10
DA:178,4
DA:180,10
DA:181,20
DA:182,10
DA:184,20
DA:185,20
DA:189,3
DA:190,3
DA:191,9
DA:194,3
DA:195,3
DA:196,3
DA:200,3
DA:203,1
DA:204,1
DA:205,3
DA:208,1
DA:209,1
DA:210,1
DA:214,1
DA:217,5
DA:224,5
DA:226,5
DA:227,5
DA:228,10
DA:230,6
DA:231,5
DA:232,6
DA:238,1
DA:246,1
DA:247,1
DA:248,2
DA:250,1
DA:251,1
DA:252,1
DA:258,2
DA:264,2
DA:266,2
DA:267,2
DA:268,4
DA:270,2
DA:271,4
DA:272,2
DA:278,1
DA:285,1
DA:287,1
DA:288,1
DA:289,2
DA:294,1
DA:295,1
DA:296,1
DA:302,2
DA:303,2
DA:304,2
DA:305,2
DA:306,2
DA:311,2
DA:312,2
DA:313,2
DA:314,2
DA:320,1
DA:321,1
DA:322,1
DA:323,1
DA:329,1
DA:335,1
DA:336,1
DA:337,1
DA:338,1
DA:339,2
DA:340,1
DA:346,2
DA:352,4
DA:353,2
DA:354,2
DA:355,2
DA:356,2
DA:357,2
DA:363,4
DA:364,10
DA:367,4
DA:368,4
DA:369,4
DA:372,6
DA:375,1
DA:376,3
DA:379,1
DA:380,1
DA:381,1
DA:384,2
DA:387,1
DA:388,3
DA:391,1
DA:392,1
DA:393,1
DA:397,2
DA:400,1
DA:406,3
DA:409,1
DA:410,1
DA:411,1
DA:415,2
DA:418,2
DA:419,4
DA:421,2
DA:422,6
DA:425,1
DA:426,2
DA:428,1
DA:429,2
DA:432,2
DA:433,6
DA:436,2
DA:437,2
DA:439,4
DA:442,1
DA:443,3
DA:446,1
DA:447,1
DA:449,2
DA:452,1
DA:453,3
DA:456,1
DA:457,1
DA:458,1
DA:461,2
DA:464,1
DA:470,3
DA:473,1
DA:474,1
DA:475,1
DA:479,2
DA:482,1
DA:488,3
DA:489,1
DA:490,1
DA:494,1
DA:499,3
DA:500,1
DA:501,1
DA:506,10
DA:507,2
DA:508,25
DA:509,13
DA:510,12
DA:511,13
DA:513,49
DA:515,2
DA:517,2
DA:518,26
LF:204
LH:204
end_of_record
TN:
SF:packages/astroport-governance/src/assembly.rs
FN:181,validate
FN:288,validate
FN:296,{closure#0}
FN:311,{closure#1}
FN:327,{closure#2}
FN:354,fmt
FN:393,fmt
FN:427,is_safe_link
FN:429,{closure#0}
FN:433,validate_links
FNF:10
FNDA:1,validate
FNDA:1,validate
FNDA:7,{closure#0}
FNDA:9,{closure#1}
FNDA:4,{closure#2}
FNDA:1,fmt
FNDA:1,fmt
FNDA:1,is_safe_link
FNDA:7,{closure#0}
FNDA:1,validate_links
DA:181,1
DA:182,19
DA:183,1
DA:184,2
DA:185,6
DA:187,1
DA:194,2
DA:195,5
DA:197,1
DA:203,5
DA:204,1
DA:210,1
DA:211,1
DA:217,5
DA:288,1
DA:290,4
DA:291,1
DA:293,3
DA:294,1
DA:296,7
DA:297,2
DA:299,0
DA:305,4
DA:306,1
DA:308,3
DA:309,1
DA:311,9
DA:312,2
DA:314,0
DA:320,4
DA:321,2
DA:322,1
DA:324,2
DA:325,1
DA:327,4
DA:328,1
DA:330,2
DA:331,1
DA:337,1
DA:354,1
DA:355,2
DA:356,0
DA:357,1
DA:358,1
DA:359,0
DA:360,0
DA:361,0
DA:362,0
DA:393,1
DA:394,2
DA:395,1
DA:396,1
DA:427,1
DA:428,6
DA:429,7
DA:433,1
DA:434,2
DA:435,6
DA:436,0
DA:443,1
LF:60
LH:52
end_of_record
TN:
SF:packages/astroport-governance/src/builder_unlock.rs
FN:62,new
FNF:1
FNDA:8,new
DA:62,8
DA:64,8
DA:65,8
LF:3
LH:3
end_of_record
TN:
SF:packages/astroport-governance/src/utils.rs
FN:21,get_period
FN:30,get_periods_count
FN:45,checked_mul
FN:74,checked_add
FN:77,{closure#0}
FN:79,checked_mul_uint128
FN:97,calc_voting_power
FN:105,{closure#0}
FNF:8
FNDA:18,get_period
FNDA:14,get_periods_count
FNDA:0,checked_mul
FNDA:0,checked_add
FNDA:0,{closure#0}
FNDA:16,checked_mul_uint128
FNDA:2,calc_voting_power
FNDA:0,{closure#0}
DA:21,18
DA:22,52
DA:23,0
DA:25,52
DA:30,14
DA:31,16
DA:45,0
DA:46,0
DA:47,0
DA:49,0
DA:50,0
DA:51,0
DA:52,0
DA:53,0
DA:54,0
DA:55,0
DA:58,0
DA:59,0
DA:60,0
DA:65,0
DA:66,0
DA:68,0
DA:74,0
DA:75,0
DA:76,0
DA:77,0
DA:79,16
DA:80,14
DA:81,0
DA:83,30
DA:84,30
DA:85,0
DA:86,0
DA:87,0
DA:88,0
DA:91,30
DA:97,2
DA:103,2
DA:104,2
DA:105,0
DA:106,2
LF:41
LH:14
end_of_record
TN:
SF:packages/astroport-governance/src/voting_escrow.rs
FN:121,fmt
FN:243,get_voting_power
FN:266,get_voting_power_at
FN:288,get_total_voting_power
FN:302,get_total_voting_power_at
FN:320,get_lock_info
FNF:6
FNDA:1,fmt
FNDA:3,get_voting_power
FNDA:0,get_voting_power_at
FNDA:0,get_total_voting_power
FNDA:0,get_total_voting_power_at
FNDA:5,get_lock_info
DA:121,1
DA:122,1
DA:123,2
DA:124,1
DA:125,1
DA:243,3
DA:248,6
DA:249,3
DA:250,3
DA:251,3
DA:254,3
DA:266,0
DA:272,0
DA:273,0
DA:274,0
DA:275,0
DA:280,0
DA:288,0
DA:289,0
DA:292,0
DA:302,0
DA:307,0
DA:310,0
DA:320,5
DA:325,7
DA:326,2
DA:327,2
DA:328,5
DA:331,5
LF:29
LH:17
end_of_record
TN:
SF:packages/astroport-tests/src/base.rs
FN:40,init_all
FN:56,init_astro_token
FN:94,init_staking
FN:130,get_staking_xastro
FN:142,init_voting_escrow
FN:177,init_escrow_fee_distributor
FN:211,create_lock
FN:228,extend_lock_amount
FN:248,extend_lock_time
FN:262,withdraw
FN:271,query_user_vp
FN:280,{closure#0}
FN:283,query_user_vp_at
FN:293,{closure#0}
FN:296,query_total_vp
FN:303,{closure#0}
FN:306,query_total_vp_at
FN:313,{closure#0}
FN:317,mint
FN:335,check_balance
FN:343,increase_allowance
FNF:21
FNDA:1,init_all
FNDA:1,init_astro_token
FNDA:6,init_staking
FNDA:7,get_staking_xastro
FNDA:1,init_voting_escrow
FNDA:7,init_escrow_fee_distributor
FNDA:2,create_lock
FNDA:0,extend_lock_amount
FNDA:0,extend_lock_time
FNDA:1,withdraw
FNDA:0,query_user_vp
FNDA:0,{closure#0}
FNDA:0,query_user_vp_at
FNDA:0,{closure#0}
FNDA:0,query_total_vp
FNDA:0,{closure#0}
FNDA:0,query_total_vp_at
FNDA:0,{closure#0}
FNDA:1,mint
FNDA:3,check_balance
FNDA:0,increase_allowance
DA:40,1
DA:42,6
DA:49,8
DA:50,2
DA:51,7
DA:52,1
DA:56,1
DA:57,8
DA:63,6
DA:66,1
DA:67,6
DA:69,2
DA:70,6
DA:77,8
DA:80,1
DA:84,6
DA:88,6
DA:89,1
DA:94,6
DA:96,7
DA:104,2
DA:107,6
DA:108,8
DA:109,8
DA:113,8
DA:116,1
DA:119,7
DA:120,1
DA:124,1
DA:125,7
DA:130,7
DA:131,9
DA:133,1
DA:134,7
DA:135,8
DA:139,7
DA:142,1
DA:143,8
DA:149,7
DA:152,1
DA:154,7
DA:155,2
DA:156,8
DA:160,8
DA:163,7
DA:166,1
DA:167,7
DA:171,7
DA:172,1
DA:177,7
DA:178,8
DA:184,1
DA:187,7
DA:188,8
DA:189,8
DA:194,1
DA:197,1
DA:201,7
DA:205,7
DA:206,1
DA:211,2
DA:218,1
DA:220,3
DA:221,2
DA:222,3
DA:225,1
DA:228,0
DA:234,0
DA:236,0
DA:237,0
DA:238,0
DA:240,0
DA:241,0
DA:242,0
DA:248,0
DA:254,0
DA:255,0
DA:256,0
DA:257,0
DA:262,1
DA:263,1
DA:264,1
DA:265,2
DA:271,0
DA:272,0
DA:275,0
DA:276,0
DA:277,0
DA:280,0
DA:283,0
DA:284,0
DA:287,0
DA:288,0
DA:289,0
DA:293,0
DA:296,0
DA:297,0
DA:300,0
DA:303,0
DA:306,0
DA:307,0
DA:310,0
DA:311,0
DA:313,0
DA:317,1
DA:318,5
DA:320,1
DA:321,5
DA:324,6
DA:325,1
DA:327,6
DA:328,5
DA:329,1
DA:330,1
DA:331,5
DA:335,3
DA:337,3
DA:339,6
DA:340,3
DA:343,0
DA:351,0
DA:356,0
DA:357,0
DA:360,0
DA:361,0
DA:362,0
DA:364,0
DA:365,0
DA:366,0
DA:368,0
DA:369,0
DA:370,0
DA:372,0
LF:133
LH:85
end_of_record
TN:
SF:packages/astroport-tests/src/controller_helper.rs
FN:20,init
FN:154,init_cw20_token
FN:174,create_pool
FN:203,create_pool_with_tokens
FN:215,vote<&str>
FN:231,tune
FN:240,kick_holders
FN:254,update_blacklisted_limit
FN:273,update_main_pool
FN:287,{closure#0}
FN:295,query_user_info
FN:304,query_voted_pool_info
FN:313,query_voted_pool_info_at_period
FN:328,query_config
FN:335,store_whitelist_code
FNF:15
FNDA:7,init
FNDA:3,init_cw20_token
FNDA:3,create_pool
FNDA:6,create_pool_with_tokens
FNDA:3,vote<&str>
FNDA:2,tune
FNDA:1,kick_holders
FNDA:1,update_blacklisted_limit
FNDA:1,update_main_pool
FNDA:3,{closure#0}
FNDA:3,query_user_info
FNDA:0,query_voted_pool_info
FNDA:2,query_voted_pool_info_at_period
FNDA:1,query_config
FNDA:8,store_whitelist_code
DA:20,7
DA:21,7
DA:24,11
DA:32,8
DA:35,3
DA:43,8
DA:45,3
DA:48,11
DA:56,8
DA:59,3
DA:63,8
DA:64,11
DA:68,11
DA:76,3
DA:78,8
DA:79,3
DA:82,8
DA:85,3
DA:86,8
DA:87,3
DA:92,11
DA:95,11
DA:98,8
DA:99,3
DA:103,11
DA:109,8
DA:111,3
DA:112,8
DA:113,3
DA:114,8
DA:118,6
DA:121,11
DA:124,3
DA:125,8
DA:130,11
DA:132,8
DA:133,3
DA:134,8
DA:135,8
DA:136,11
DA:137,3
DA:138,8
DA:139,3
DA:146,3
DA:154,3
DA:156,3
DA:157,6
DA:159,3
DA:164,3
DA:165,6
DA:166,9
DA:169,3
DA:170,6
DA:174,3
DA:175,6
DA:176,6
DA:177,3
DA:179,6
DA:180,3
DA:184,9
DA:185,9
DA:186,6
DA:187,6
DA:188,3
DA:189,6
DA:190,3
DA:195,12
DA:196,6
DA:197,3
DA:200,6
DA:203,6
DA:209,6
DA:210,12
DA:212,6
DA:215,3
DA:222,3
DA:228,6
DA:231,2
DA:232,2
DA:233,2
DA:234,2
DA:240,1
DA:246,2
DA:247,1
DA:248,1
DA:249,1
DA:254,1
DA:260,1
DA:261,1
DA:262,1
DA:263,1
DA:265,1
DA:266,1
DA:267,1
DA:273,1
DA:281,1
DA:282,1
DA:283,1
DA:284,1
DA:285,1
DA:286,1
DA:287,3
DA:289,1
DA:295,3
DA:296,6
DA:297,3
DA:298,3
DA:299,3
DA:304,0
DA:305,0
DA:306,0
DA:307,0
DA:308,0
DA:313,2
DA:319,4
DA:320,2
DA:321,2
DA:322,2
DA:328,1
DA:329,2
DA:331,1
DA:335,8
DA:336,11
DA:342,3
LF:124
LH:119
end_of_record
TN:
SF:packages/astroport-tests/src/escrow_helper.rs
FN:23,init
FN:128,mint_xastro
FN:155,check_xastro_balance
FN:169,create_lock
FN:190,extend_lock_amount
FN:210,deposit_for
FN:234,extend_lock_time
FN:243,withdraw
FN:252,update_blacklist
FN:269,query_user_vp
FN:278,{closure#0}
FN:281,query_user_vp_at
FN:291,{closure#0}
FN:294,query_user_vp_at_period
FN:309,{closure#0}
FN:312,query_total_vp
FN:316,{closure#0}
FN:319,query_total_vp_at
FN:326,{closure#0}
FN:329,query_total_vp_at_period
FN:336,{closure#0}
FN:339,query_lock_info
FNF:22
FNDA:2,init
FNDA:2,mint_xastro
FNDA:0,check_xastro_balance
FNDA:2,create_lock
FNDA:1,extend_lock_amount
FNDA:0,deposit_for
FNDA:1,extend_lock_time
FNDA:1,withdraw
FNDA:1,update_blacklist
FNDA:3,query_user_vp
FNDA:6,{closure#0}
FNDA:0,query_user_vp_at
FNDA:0,{closure#0}
FNDA:0,query_user_vp_at_period
FNDA:0,{closure#0}
FNDA:0,query_total_vp
FNDA:0,{closure#0}
FNDA:0,query_total_vp_at
FNDA:0,{closure#0}
FNDA:0,query_total_vp_at_period
FNDA:0,{closure#0}
FNDA:2,query_lock_info
DA:23,2
DA:24,14
DA:30,2
DA:33,7
DA:34,7
DA:36,2
DA:37,7
DA:44,9
DA:47,9
DA:50,7
DA:51,7
DA:56,9
DA:64,2
DA:67,7
DA:69,2
DA:72,9
DA:75,9
DA:78,7
DA:79,2
DA:83,18
DA:85,2
DA:86,7
DA:87,9
DA:91,9
DA:97,7
DA:100,2
DA:101,9
DA:102,7
DA:104,9
DA:107,10
DA:110,9
DA:113,2
DA:114,7
DA:120,3
DA:128,2
DA:129,3
DA:131,2
DA:132,3
DA:134,4
DA:135,8
DA:137,5
DA:138,3
DA:139,2
DA:140,2
DA:141,3
DA:144,3
DA:146,2
DA:147,5
DA:148,3
DA:150,6
DA:151,4
DA:155,0
DA:156,0
DA:157,0
DA:160,0
DA:161,0
DA:162,0
DA:166,0
DA:169,2
DA:176,3
DA:178,2
DA:179,3
DA:180,5
DA:182,2
DA:183,2
DA:184,3
DA:190,1
DA:196,1
DA:198,1
DA:199,1
DA:200,2
DA:202,1
DA:203,2
DA:204,1
DA:210,0
DA:217,0
DA:219,0
DA:220,0
DA:221,0
DA:226,0
DA:227,0
DA:228,0
DA:234,1
DA:235,1
DA:236,1
DA:237,1
DA:238,1
DA:243,1
DA:244,1
DA:245,1
DA:246,1
DA:252,1
DA:258,2
DA:259,1
DA:260,1
DA:261,1
DA:262,1
DA:263,1
DA:269,3
DA:270,9
DA:273,3
DA:274,3
DA:275,3
DA:278,6
DA:281,0
DA:282,0
DA:285,0
DA:286,0
DA:287,0
DA:291,0
DA:294,0
DA:300,0
DA:303,0
DA:304,0
DA:305,0
DA:309,0
DA:312,0
DA:313,0
DA:315,0
DA:316,0
DA:319,0
DA:320,0
DA:323,0
DA:324,0
DA:326,0
DA:329,0
DA:330,0
DA:333,0
DA:334,0
DA:336,0
DA:339,2
DA:340,6
DA:341,3
DA:342,3
DA:343,3
LF:135
LH:94
end_of_record
TN:
SF:packages/astroport-tests/src/lib.rs
FN:15,mock_app
FN:27,{closure#0}
FN:36,next_block
FN:37,{closure#0}
FN:43,block_period
FNF:5
FNDA:5,mock_app
FNDA:9,{closure#0}
FNDA:2,next_block
FNDA:6,{closure#0}
FNDA:2,block_period
DA:15,5
DA:16,7
DA:17,7
DA:18,7
DA:19,2
DA:20,6
DA:22,22
DA:24,6
DA:26,2
DA:27,9
DA:36,2
DA:37,6
DA:38,2
DA:39,2
DA:43,2
DA:44,4
LF:16
LH:16
end_of_record
